INFO:root:Found file /home/chase/_work/complianceascode-content/complianceascode-content/controls/anssi.yml
INFO:root:Rule package_dhcp_removed doesn't apply to fedora
INFO:root:Rule package_rsh_removed doesn't apply to fedora
INFO:root:Rule package_rsh-server_removed doesn't apply to fedora
INFO:root:Rule package_talk_removed doesn't apply to fedora
INFO:root:Rule package_talk-server_removed doesn't apply to fedora
INFO:root:Rule package_telnet_removed doesn't apply to fedora
INFO:root:Rule package_telnet-server_removed doesn't apply to fedora
INFO:root:Rule package_tftp_removed doesn't apply to fedora
INFO:root:Rule package_tftp-server_removed doesn't apply to fedora
INFO:root:Rule package_xinetd_removed doesn't apply to fedora
INFO:root:Rule package_ypbind_removed doesn't apply to fedora
INFO:root:Rule package_ypserv_removed doesn't apply to fedora
INFO:root:Rule mount_option_home_nosuid doesn't apply to fedora
INFO:root:Rule partition_for_var_tmp doesn't apply to fedora
INFO:root:Rule mount_option_var_tmp_nosuid doesn't apply to fedora
INFO:root:Rule mount_option_var_tmp_noexec doesn't apply to fedora
INFO:root:Rule ensure_redhat_gpgkey_installed doesn't apply to fedora
INFO:root:Rule ensure_oracle_gpgkey_installed doesn't apply to fedora
INFO:root:Rule sysctl_net_ipv4_tcp_rfc1337 doesn't apply to fedora
INFO:root:Rule sysctl_net_ipv6_conf_all_accept_redirects doesn't apply to fedora
INFO:root:Rule sysctl_net_ipv6_conf_all_accept_source_route doesn't apply to fedora
INFO:root:Rule sysctl_net_ipv6_conf_default_accept_source_route doesn't apply to fedora
INFO:root:Rule accounts_umask_etc_bashrc doesn't apply to fedora
INFO:root:Rule sebool_polyinstantiation_enabled doesn't apply to fedora
INFO:root:Rule postfix_network_listening_disabled doesn't apply to fedora
INFO:root:Rule aide_scan_notification doesn't apply to fedora
INFO:root:Rule aide_verify_acls doesn't apply to fedora
INFO:root:Rule aide_verify_ext_attributes doesn't apply to fedora
INFO:root:Rule sudo_dedicated_group doesn't apply to fedora
INFO:root:Rule sudo_add_umask doesn't apply to fedora
INFO:root:Rule sudo_add_ignore_dot doesn't apply to fedora
INFO:root:Rule sudo_add_env_reset doesn't apply to fedora
INFO:root:Rule sudo_add_passwd_timeout doesn't apply to fedora
INFO:root:Rule sebool_selinuxuser_execheap doesn't apply to fedora
INFO:root:Rule sebool_deny_execmem doesn't apply to fedora
INFO:root:Rule sebool_selinuxuser_execstack doesn't apply to fedora
INFO:root:Rule sebool_secure_mode_insmod doesn't apply to fedora
INFO:root:Rule sebool_ssh_sysadm_login doesn't apply to fedora
INFO:root:Found file /home/chase/_work/complianceascode-content/complianceascode-content/controls/cis_rhel7.yml
INFO:root:Rule partition_for_var_tmp doesn't apply to fedora
INFO:root:Rule mount_option_var_tmp_noexec doesn't apply to fedora
INFO:root:Rule mount_option_var_tmp_nodev doesn't apply to fedora
INFO:root:Rule mount_option_var_tmp_nosuid doesn't apply to fedora
INFO:root:Rule mount_option_home_nodev doesn't apply to fedora
INFO:root:Rule disable_prelink doesn't apply to fedora
INFO:root:Rule package_xinetd_removed doesn't apply to fedora
INFO:root:Rule xwindows_remove_packages doesn't apply to fedora
INFO:root:Rule service_avahi-daemon_disabled doesn't apply to fedora
INFO:root:Rule package_dhcp_removed doesn't apply to fedora
INFO:root:Rule package_openldap-servers_removed doesn't apply to fedora
INFO:root:Rule package_httpd_removed doesn't apply to fedora
INFO:root:Rule package_dovecot_removed doesn't apply to fedora
INFO:root:Rule package_samba_removed doesn't apply to fedora
INFO:root:Rule package_squid_removed doesn't apply to fedora
INFO:root:Rule package_ypserv_removed doesn't apply to fedora
INFO:root:Rule package_telnet-server_removed doesn't apply to fedora
INFO:root:Rule postfix_network_listening_disabled doesn't apply to fedora
INFO:root:Rule service_rpcbind_disabled doesn't apply to fedora
INFO:root:Rule package_ypbind_removed doesn't apply to fedora
INFO:root:Rule package_rsh_removed doesn't apply to fedora
INFO:root:Rule package_talk_removed doesn't apply to fedora
INFO:root:Rule package_telnet_removed doesn't apply to fedora
INFO:root:Rule sysctl_net_ipv6_conf_all_forwarding doesn't apply to fedora
INFO:root:Rule sysctl_net_ipv6_conf_all_accept_source_route doesn't apply to fedora
INFO:root:Rule sysctl_net_ipv6_conf_default_accept_source_route doesn't apply to fedora
INFO:root:Rule sysctl_net_ipv6_conf_all_accept_redirects doesn't apply to fedora
INFO:root:Rule sysctl_net_ipv6_conf_all_accept_ra doesn't apply to fedora
INFO:root:Rule kernel_module_sctp_disabled doesn't apply to fedora
INFO:root:Rule package_firewalld_installed doesn't apply to fedora
INFO:root:Rule audit_rules_privileged_commands_insmod doesn't apply to fedora
INFO:root:Rule audit_rules_privileged_commands_rmmod doesn't apply to fedora
INFO:root:Rule audit_rules_privileged_commands_modprobe doesn't apply to fedora
INFO:root:Rule file_groupowner_crontab doesn't apply to fedora
INFO:root:Rule file_owner_crontab doesn't apply to fedora
INFO:root:Rule file_permissions_crontab doesn't apply to fedora
INFO:root:Rule file_groupowner_cron_hourly doesn't apply to fedora
INFO:root:Rule file_owner_cron_hourly doesn't apply to fedora
INFO:root:Rule file_permissions_cron_hourly doesn't apply to fedora
INFO:root:Rule file_groupowner_cron_daily doesn't apply to fedora
INFO:root:Rule file_owner_cron_daily doesn't apply to fedora
INFO:root:Rule file_permissions_cron_daily doesn't apply to fedora
INFO:root:Rule file_groupowner_cron_weekly doesn't apply to fedora
INFO:root:Rule file_owner_cron_weekly doesn't apply to fedora
INFO:root:Rule file_permissions_cron_weekly doesn't apply to fedora
INFO:root:Rule file_groupowner_cron_monthly doesn't apply to fedora
INFO:root:Rule file_owner_cron_monthly doesn't apply to fedora
INFO:root:Rule file_permissions_cron_monthly doesn't apply to fedora
INFO:root:Rule file_groupowner_cron_d doesn't apply to fedora
INFO:root:Rule file_owner_cron_d doesn't apply to fedora
INFO:root:Rule file_permissions_cron_d doesn't apply to fedora
INFO:root:Rule file_groupowner_cron_allow doesn't apply to fedora
INFO:root:Rule file_owner_cron_allow doesn't apply to fedora
INFO:root:Rule file_groupowner_sshd_config doesn't apply to fedora
INFO:root:Rule file_owner_sshd_config doesn't apply to fedora
INFO:root:Rule file_permissions_sshd_config doesn't apply to fedora
INFO:root:Rule sshd_use_approved_ciphers doesn't apply to fedora
INFO:root:Rule sshd_use_approved_macs doesn't apply to fedora
INFO:root:Rule accounts_umask_etc_bashrc doesn't apply to fedora
INFO:root:Found file /home/chase/_work/complianceascode-content/complianceascode-content/controls/cis_rhel8.yml
INFO:root:Rule partition_for_var_tmp doesn't apply to fedora
INFO:root:Rule mount_option_var_tmp_nodev doesn't apply to fedora
INFO:root:Rule mount_option_var_tmp_nosuid doesn't apply to fedora
INFO:root:Rule mount_option_var_tmp_noexec doesn't apply to fedora
INFO:root:Rule mount_option_home_nodev doesn't apply to fedora
INFO:root:Rule package_xinetd_removed doesn't apply to fedora
INFO:root:Rule xwindows_remove_packages doesn't apply to fedora
INFO:root:Rule service_avahi-daemon_disabled doesn't apply to fedora
INFO:root:Rule service_snmpd_disabled doesn't apply to fedora
INFO:root:Rule service_squid_disabled doesn't apply to fedora
INFO:root:Rule service_smb_disabled doesn't apply to fedora
INFO:root:Rule service_dovecot_disabled doesn't apply to fedora
INFO:root:Rule service_httpd_disabled doesn't apply to fedora
INFO:root:Rule service_vsftpd_disabled doesn't apply to fedora
INFO:root:Rule service_named_disabled doesn't apply to fedora
INFO:root:Rule service_rpcbind_disabled doesn't apply to fedora
INFO:root:Rule service_dhcpd_disabled doesn't apply to fedora
INFO:root:Rule service_cups_disabled doesn't apply to fedora
INFO:root:Rule postfix_network_listening_disabled doesn't apply to fedora
INFO:root:Rule package_ypbind_removed doesn't apply to fedora
INFO:root:Rule package_telnet_removed doesn't apply to fedora
INFO:root:Rule sysctl_net_ipv6_conf_all_forwarding doesn't apply to fedora
INFO:root:Rule sysctl_net_ipv6_conf_all_accept_source_route doesn't apply to fedora
INFO:root:Rule sysctl_net_ipv6_conf_default_accept_source_route doesn't apply to fedora
INFO:root:Rule sysctl_net_ipv6_conf_all_accept_redirects doesn't apply to fedora
INFO:root:Rule sysctl_net_ipv6_conf_all_accept_ra doesn't apply to fedora
INFO:root:Rule kernel_module_sctp_disabled doesn't apply to fedora
INFO:root:Rule package_firewalld_installed doesn't apply to fedora
INFO:root:Rule audit_rules_privileged_commands_insmod doesn't apply to fedora
INFO:root:Rule audit_rules_privileged_commands_modprobe doesn't apply to fedora
INFO:root:Rule audit_rules_privileged_commands_rmmod doesn't apply to fedora
INFO:root:Rule file_groupowner_crontab doesn't apply to fedora
INFO:root:Rule file_owner_crontab doesn't apply to fedora
INFO:root:Rule file_permissions_crontab doesn't apply to fedora
INFO:root:Rule file_groupowner_cron_hourly doesn't apply to fedora
INFO:root:Rule file_owner_cron_hourly doesn't apply to fedora
INFO:root:Rule file_permissions_cron_hourly doesn't apply to fedora
INFO:root:Rule file_groupowner_cron_daily doesn't apply to fedora
INFO:root:Rule file_owner_cron_daily doesn't apply to fedora
INFO:root:Rule file_permissions_cron_daily doesn't apply to fedora
INFO:root:Rule file_groupowner_cron_weekly doesn't apply to fedora
INFO:root:Rule file_owner_cron_weekly doesn't apply to fedora
INFO:root:Rule file_permissions_cron_weekly doesn't apply to fedora
INFO:root:Rule file_groupowner_cron_monthly doesn't apply to fedora
INFO:root:Rule file_owner_cron_monthly doesn't apply to fedora
INFO:root:Rule file_permissions_cron_monthly doesn't apply to fedora
INFO:root:Rule file_groupowner_cron_d doesn't apply to fedora
INFO:root:Rule file_owner_cron_d doesn't apply to fedora
INFO:root:Rule file_permissions_cron_d doesn't apply to fedora
INFO:root:Rule file_groupowner_sshd_config doesn't apply to fedora
INFO:root:Rule file_owner_sshd_config doesn't apply to fedora
INFO:root:Rule file_permissions_sshd_config doesn't apply to fedora
INFO:root:Rule accounts_umask_etc_bashrc doesn't apply to fedora
INFO:root:Found file /home/chase/_work/complianceascode-content/complianceascode-content/controls/cis_sle12.yml
INFO:root:Rule partition_for_var_tmp doesn't apply to fedora
INFO:root:Rule mount_option_var_tmp_noexec doesn't apply to fedora
INFO:root:Rule mount_option_var_tmp_nodev doesn't apply to fedora
INFO:root:Rule mount_option_var_tmp_nosuid doesn't apply to fedora
INFO:root:Rule mount_option_home_nodev doesn't apply to fedora
INFO:root:Rule disable_prelink doesn't apply to fedora
INFO:root:Rule package_pam_apparmor_installed doesn't apply to fedora
INFO:root:Rule package_xinetd_removed doesn't apply to fedora
INFO:root:Rule xwindows_remove_packages doesn't apply to fedora
INFO:root:Rule service_avahi-daemon_disabled doesn't apply to fedora
INFO:root:Rule package_dhcp_removed doesn't apply to fedora
INFO:root:Rule package_openldap-servers_removed doesn't apply to fedora
INFO:root:Rule package_httpd_removed doesn't apply to fedora
INFO:root:Rule package_dovecot_removed doesn't apply to fedora
INFO:root:Rule package_samba_removed doesn't apply to fedora
INFO:root:Rule package_squid_removed doesn't apply to fedora
INFO:root:Rule package_ypserv_removed doesn't apply to fedora
INFO:root:Rule package_telnet-server_removed doesn't apply to fedora
INFO:root:Rule service_rpcbind_disabled doesn't apply to fedora
INFO:root:Rule postfix_network_listening_disabled doesn't apply to fedora
INFO:root:Rule package_ypbind_removed doesn't apply to fedora
INFO:root:Rule package_rsh_removed doesn't apply to fedora
INFO:root:Rule package_talk_removed doesn't apply to fedora
INFO:root:Rule package_telnet_removed doesn't apply to fedora
INFO:root:Rule sysctl_net_ipv6_conf_all_forwarding doesn't apply to fedora
INFO:root:Rule sysctl_net_ipv6_conf_all_accept_source_route doesn't apply to fedora
INFO:root:Rule sysctl_net_ipv6_conf_default_accept_source_route doesn't apply to fedora
INFO:root:Rule sysctl_net_ipv6_conf_all_accept_redirects doesn't apply to fedora
INFO:root:Rule sysctl_net_ipv6_conf_all_accept_ra doesn't apply to fedora
INFO:root:Rule kernel_module_sctp_disabled doesn't apply to fedora
INFO:root:Rule audit_rules_privileged_commands_insmod doesn't apply to fedora
INFO:root:Rule audit_rules_privileged_commands_rmmod doesn't apply to fedora
INFO:root:Rule audit_rules_privileged_commands_modprobe doesn't apply to fedora
INFO:root:Rule file_groupowner_crontab doesn't apply to fedora
INFO:root:Rule file_owner_crontab doesn't apply to fedora
INFO:root:Rule file_permissions_crontab doesn't apply to fedora
INFO:root:Rule file_groupowner_cron_hourly doesn't apply to fedora
INFO:root:Rule file_owner_cron_hourly doesn't apply to fedora
INFO:root:Rule file_permissions_cron_hourly doesn't apply to fedora
INFO:root:Rule file_groupowner_cron_daily doesn't apply to fedora
INFO:root:Rule file_owner_cron_daily doesn't apply to fedora
INFO:root:Rule file_permissions_cron_daily doesn't apply to fedora
INFO:root:Rule file_groupowner_cron_weekly doesn't apply to fedora
INFO:root:Rule file_owner_cron_weekly doesn't apply to fedora
INFO:root:Rule file_permissions_cron_weekly doesn't apply to fedora
INFO:root:Rule file_groupowner_cron_monthly doesn't apply to fedora
INFO:root:Rule file_owner_cron_monthly doesn't apply to fedora
INFO:root:Rule file_permissions_cron_monthly doesn't apply to fedora
INFO:root:Rule file_groupowner_cron_d doesn't apply to fedora
INFO:root:Rule file_owner_cron_d doesn't apply to fedora
INFO:root:Rule file_permissions_cron_d doesn't apply to fedora
INFO:root:Rule file_groupowner_cron_allow doesn't apply to fedora
INFO:root:Rule file_owner_cron_allow doesn't apply to fedora
INFO:root:Rule file_groupowner_sshd_config doesn't apply to fedora
INFO:root:Rule file_owner_sshd_config doesn't apply to fedora
INFO:root:Rule file_permissions_sshd_config doesn't apply to fedora
INFO:root:Rule sshd_use_approved_ciphers doesn't apply to fedora
INFO:root:Rule sshd_use_approved_macs doesn't apply to fedora
INFO:root:Rule cracklib_accounts_password_pam_dcredit doesn't apply to fedora
INFO:root:Rule cracklib_accounts_password_pam_ucredit doesn't apply to fedora
INFO:root:Rule cracklib_accounts_password_pam_lcredit doesn't apply to fedora
INFO:root:Rule cracklib_accounts_password_pam_ocredit doesn't apply to fedora
INFO:root:Rule cracklib_accounts_password_pam_minlen doesn't apply to fedora
INFO:root:Rule cracklib_accounts_password_pam_retry doesn't apply to fedora
INFO:root:Rule accounts_passwords_pam_tally2 doesn't apply to fedora
INFO:root:Rule accounts_umask_etc_bashrc doesn't apply to fedora
INFO:root:Found file /home/chase/_work/complianceascode-content/complianceascode-content/controls/pcidss_ocp4.yml
