INFO:root:Found file /home/chase/_work/complianceascode-content/complianceascode-content/controls/anssi.yml
INFO:root:Rule package_dnf-automatic_installed doesn't apply to rhel7
INFO:root:Rule timer_dnf-automatic_enabled doesn't apply to rhel7
INFO:root:Rule dnf-automatic_apply_updates doesn't apply to rhel7
INFO:root:Rule dnf-automatic_security_updates_only doesn't apply to rhel7
INFO:root:Rule ensure_oracle_gpgkey_installed doesn't apply to rhel7
INFO:root:Rule sshd_use_directory_configuration doesn't apply to rhel7
INFO:root:Rule package_rsyslog-gnutls_installed doesn't apply to rhel7
INFO:root:Rule rsyslog_remote_tls doesn't apply to rhel7
INFO:root:Rule rsyslog_remote_tls_cacert doesn't apply to rhel7
INFO:root:Found file /home/chase/_work/complianceascode-content/complianceascode-content/controls/cis_rhel7.yml
INFO:root:Found file /home/chase/_work/complianceascode-content/complianceascode-content/controls/cis_rhel8.yml
INFO:root:Rule configure_crypto_policy doesn't apply to rhel7
INFO:root:Rule configure_ssh_crypto_policy doesn't apply to rhel7
INFO:root:Found file /home/chase/_work/complianceascode-content/complianceascode-content/controls/cis_sle12.yml
INFO:root:Rule package_pam_apparmor_installed doesn't apply to rhel7
INFO:root:Rule cracklib_accounts_password_pam_dcredit doesn't apply to rhel7
INFO:root:Rule cracklib_accounts_password_pam_ucredit doesn't apply to rhel7
INFO:root:Rule cracklib_accounts_password_pam_lcredit doesn't apply to rhel7
INFO:root:Rule cracklib_accounts_password_pam_ocredit doesn't apply to rhel7
INFO:root:Rule cracklib_accounts_password_pam_minlen doesn't apply to rhel7
INFO:root:Rule cracklib_accounts_password_pam_retry doesn't apply to rhel7
INFO:root:Rule accounts_passwords_pam_tally2 doesn't apply to rhel7
INFO:root:Found file /home/chase/_work/complianceascode-content/complianceascode-content/controls/pcidss_ocp4.yml
