INFO:root:Found file /home/chase/_work/complianceascode-content/complianceascode-content/controls/anssi.yml
INFO:root:Rule package_dhcp_removed doesn't apply to debian9
INFO:root:Rule package_rsh_removed doesn't apply to debian9
INFO:root:Rule package_rsh-server_removed doesn't apply to debian9
INFO:root:Rule package_sendmail_removed doesn't apply to debian9
INFO:root:Rule package_talk_removed doesn't apply to debian9
INFO:root:Rule package_talk-server_removed doesn't apply to debian9
INFO:root:Rule package_telnet_removed doesn't apply to debian9
INFO:root:Rule package_telnet-server_removed doesn't apply to debian9
INFO:root:Rule package_tftp_removed doesn't apply to debian9
INFO:root:Rule package_tftp-server_removed doesn't apply to debian9
INFO:root:Rule package_xinetd_removed doesn't apply to debian9
INFO:root:Rule package_ypbind_removed doesn't apply to debian9
INFO:root:Rule package_ypserv_removed doesn't apply to debian9
INFO:root:Rule security_patches_up_to_date doesn't apply to debian9
INFO:root:Rule package_dnf-automatic_installed doesn't apply to debian9
INFO:root:Rule timer_dnf-automatic_enabled doesn't apply to debian9
INFO:root:Rule dnf-automatic_apply_updates doesn't apply to debian9
INFO:root:Rule dnf-automatic_security_updates_only doesn't apply to debian9
INFO:root:Rule sysctl_kernel_exec_shield doesn't apply to debian9
INFO:root:Rule bios_enable_execution_restrictions doesn't apply to debian9
INFO:root:Rule install_PAE_kernel_on_x86-32 doesn't apply to debian9
INFO:root:Rule mount_option_nodev_nonroot_local_partitions doesn't apply to debian9
INFO:root:Rule partition_for_boot doesn't apply to debian9
INFO:root:Rule mount_option_boot_nosuid doesn't apply to debian9
INFO:root:Rule mount_option_boot_noexec doesn't apply to debian9
INFO:root:Rule partition_for_opt doesn't apply to debian9
INFO:root:Rule mount_option_opt_nosuid doesn't apply to debian9
INFO:root:Rule mount_option_tmp_nosuid doesn't apply to debian9
INFO:root:Rule mount_option_tmp_noexec doesn't apply to debian9
INFO:root:Rule mount_option_srv_nosuid doesn't apply to debian9
INFO:root:Rule mount_option_home_nosuid doesn't apply to debian9
INFO:root:Rule mount_option_home_noexec doesn't apply to debian9
INFO:root:Rule partition_for_usr doesn't apply to debian9
INFO:root:Rule mount_option_var_nosuid doesn't apply to debian9
INFO:root:Rule mount_option_var_noexec doesn't apply to debian9
INFO:root:Rule mount_option_var_log_noexec doesn't apply to debian9
INFO:root:Rule mount_option_var_log_nosuid doesn't apply to debian9
INFO:root:Rule partition_for_var_tmp doesn't apply to debian9
INFO:root:Rule mount_option_var_tmp_nosuid doesn't apply to debian9
INFO:root:Rule mount_option_var_tmp_noexec doesn't apply to debian9
INFO:root:Rule ensure_gpgcheck_never_disabled doesn't apply to debian9
INFO:root:Rule ensure_gpgcheck_globally_activated doesn't apply to debian9
INFO:root:Rule ensure_gpgcheck_local_packages doesn't apply to debian9
INFO:root:Rule ensure_redhat_gpgkey_installed doesn't apply to debian9
INFO:root:Rule ensure_oracle_gpgkey_installed doesn't apply to debian9
INFO:root:Rule grub2_password doesn't apply to debian9
INFO:root:Rule grub2_uefi_password doesn't apply to debian9
INFO:root:Rule accounts_password_pam_minlen doesn't apply to debian9
INFO:root:Rule accounts_password_pam_ocredit doesn't apply to debian9
INFO:root:Rule accounts_password_pam_dcredit doesn't apply to debian9
INFO:root:Rule accounts_password_pam_ucredit doesn't apply to debian9
INFO:root:Rule accounts_password_pam_lcredit doesn't apply to debian9
INFO:root:Rule accounts_passwords_pam_faillock_interval doesn't apply to debian9
INFO:root:Rule accounts_passwords_pam_faillock_deny doesn't apply to debian9
INFO:root:Rule accounts_passwords_pam_faillock_deny_root doesn't apply to debian9
INFO:root:Rule accounts_passwords_pam_faillock_unlock_time doesn't apply to debian9
INFO:root:Rule accounts_password_pam_unix_remember doesn't apply to debian9
INFO:root:Rule package_sudo_installed doesn't apply to debian9
INFO:root:Rule audit_rules_privileged_commands_sudo doesn't apply to debian9
INFO:root:Rule sshd_use_directory_configuration doesn't apply to debian9
INFO:root:Rule sysctl_net_ipv4_ip_forward doesn't apply to debian9
INFO:root:Rule sysctl_net_ipv4_conf_all_rp_filter doesn't apply to debian9
INFO:root:Rule sysctl_net_ipv4_conf_default_rp_filter doesn't apply to debian9
INFO:root:Rule sysctl_net_ipv4_conf_all_send_redirects doesn't apply to debian9
INFO:root:Rule sysctl_net_ipv4_conf_default_send_redirects doesn't apply to debian9
INFO:root:Rule sysctl_net_ipv4_conf_all_accept_source_route doesn't apply to debian9
INFO:root:Rule sysctl_net_ipv4_conf_default_accept_source_route doesn't apply to debian9
INFO:root:Rule sysctl_net_ipv4_conf_all_accept_redirects doesn't apply to debian9
INFO:root:Rule sysctl_net_ipv4_conf_all_secure_redirects doesn't apply to debian9
INFO:root:Rule sysctl_net_ipv4_conf_default_accept_redirects doesn't apply to debian9
INFO:root:Rule sysctl_net_ipv4_conf_default_secure_redirects doesn't apply to debian9
INFO:root:Rule sysctl_net_ipv4_conf_all_log_martians doesn't apply to debian9
INFO:root:Rule sysctl_net_ipv4_tcp_rfc1337 doesn't apply to debian9
INFO:root:Rule sysctl_net_ipv4_icmp_ignore_bogus_error_responses doesn't apply to debian9
INFO:root:Rule sysctl_net_ipv4_ip_local_port_range doesn't apply to debian9
INFO:root:Rule sysctl_net_ipv4_tcp_syncookies doesn't apply to debian9
INFO:root:Rule sysctl_net_ipv6_conf_all_router_solicitations doesn't apply to debian9
INFO:root:Rule sysctl_net_ipv6_conf_default_router_solicitations doesn't apply to debian9
INFO:root:Rule sysctl_net_ipv6_conf_all_accept_ra_rtr_pref doesn't apply to debian9
INFO:root:Rule sysctl_net_ipv6_conf_default_accept_ra_rtr_pref doesn't apply to debian9
INFO:root:Rule sysctl_net_ipv6_conf_all_accept_ra_pinfo doesn't apply to debian9
INFO:root:Rule sysctl_net_ipv6_conf_default_accept_ra_pinfo doesn't apply to debian9
INFO:root:Rule sysctl_net_ipv6_conf_all_accept_ra_defrtr doesn't apply to debian9
INFO:root:Rule sysctl_net_ipv6_conf_default_accept_ra_defrtr doesn't apply to debian9
INFO:root:Rule sysctl_net_ipv6_conf_all_autoconf doesn't apply to debian9
INFO:root:Rule sysctl_net_ipv6_conf_default_autoconf doesn't apply to debian9
INFO:root:Rule sysctl_net_ipv6_conf_all_accept_redirects doesn't apply to debian9
INFO:root:Rule sysctl_net_ipv6_conf_default_accept_redirects doesn't apply to debian9
INFO:root:Rule sysctl_net_ipv6_conf_all_accept_source_route doesn't apply to debian9
INFO:root:Rule sysctl_net_ipv6_conf_default_accept_source_route doesn't apply to debian9
INFO:root:Rule sysctl_net_ipv6_conf_all_max_addresses doesn't apply to debian9
INFO:root:Rule sysctl_net_ipv6_conf_default_max_addresses doesn't apply to debian9
INFO:root:Rule sysctl_kernel_sysrq doesn't apply to debian9
INFO:root:Rule sysctl_vm_mmap_min_addr doesn't apply to debian9
INFO:root:Rule sysctl_kernel_pid_max doesn't apply to debian9
INFO:root:Rule sysctl_kernel_dmesg_restrict doesn't apply to debian9
INFO:root:Rule sysctl_kernel_perf_event_paranoid doesn't apply to debian9
INFO:root:Rule sysctl_kernel_perf_event_paranoid doesn't apply to debian9
INFO:root:Rule sysctl_kernel_perf_event_max_sample_rate doesn't apply to debian9
INFO:root:Rule sysctl_kernel_perf_cpu_time_max_percent doesn't apply to debian9
INFO:root:Rule sysctl_kernel_modules_disabled doesn't apply to debian9
INFO:root:Rule sysctl_kernel_yama_ptrace_scope doesn't apply to debian9
INFO:root:Rule accounts_tmout doesn't apply to debian9
INFO:root:Rule set_password_hashing_algorithm_systemauth doesn't apply to debian9
INFO:root:Rule accounts_password_pam_unix_rounds_system_auth doesn't apply to debian9
INFO:root:Rule accounts_password_pam_unix_rounds_password_auth doesn't apply to debian9
INFO:root:Rule accounts_umask_etc_bashrc doesn't apply to debian9
INFO:root:Rule file_permissions_unauthorized_suid doesn't apply to debian9
INFO:root:Rule file_permissions_unauthorized_sgid doesn't apply to debian9
INFO:root:Rule enable_pam_namespace doesn't apply to debian9
INFO:root:Rule sebool_polyinstantiation_enabled doesn't apply to debian9
INFO:root:Rule dir_perms_world_writable_root_owned doesn't apply to debian9
INFO:root:Rule package_rsyslog-gnutls_installed doesn't apply to debian9
INFO:root:Rule rsyslog_remote_tls doesn't apply to debian9
INFO:root:Rule rsyslog_remote_tls_cacert doesn't apply to debian9
INFO:root:Rule postfix_network_listening_disabled doesn't apply to debian9
INFO:root:Rule aide_periodic_cron_checking doesn't apply to debian9
INFO:root:Rule aide_scan_notification doesn't apply to debian9
INFO:root:Rule aide_verify_acls doesn't apply to debian9
INFO:root:Rule aide_verify_ext_attributes doesn't apply to debian9
INFO:root:Rule selinux_policytype doesn't apply to debian9
INFO:root:Rule sudo_dedicated_group doesn't apply to debian9
INFO:root:Rule sudo_add_umask doesn't apply to debian9
INFO:root:Rule sudo_add_ignore_dot doesn't apply to debian9
INFO:root:Rule sudo_add_env_reset doesn't apply to debian9
INFO:root:Rule sudo_add_passwd_timeout doesn't apply to debian9
INFO:root:Rule selinux_policytype doesn't apply to debian9
INFO:root:Rule sebool_selinuxuser_execheap doesn't apply to debian9
INFO:root:Rule sebool_deny_execmem doesn't apply to debian9
INFO:root:Rule sebool_selinuxuser_execstack doesn't apply to debian9
INFO:root:Rule sebool_secure_mode_insmod doesn't apply to debian9
INFO:root:Rule sebool_ssh_sysadm_login doesn't apply to debian9
INFO:root:Rule package_setroubleshoot_removed doesn't apply to debian9
INFO:root:Rule package_setroubleshoot-server_removed doesn't apply to debian9
INFO:root:Rule package_setroubleshoot-plugins_removed doesn't apply to debian9
INFO:root:Found file /home/chase/_work/complianceascode-content/complianceascode-content/controls/cis_rhel7.yml
INFO:root:Rule dconf_db_up_to_date doesn't apply to debian9
INFO:root:Rule kernel_module_cramfs_disabled doesn't apply to debian9
INFO:root:Rule kernel_module_squashfs_disabled doesn't apply to debian9
INFO:root:Rule kernel_module_udf_disabled doesn't apply to debian9
INFO:root:Rule mount_option_tmp_noexec doesn't apply to debian9
INFO:root:Rule mount_option_tmp_nodev doesn't apply to debian9
INFO:root:Rule mount_option_tmp_nosuid doesn't apply to debian9
INFO:root:Rule mount_option_dev_shm_noexec doesn't apply to debian9
INFO:root:Rule partition_for_var_tmp doesn't apply to debian9
INFO:root:Rule mount_option_var_tmp_noexec doesn't apply to debian9
INFO:root:Rule mount_option_var_tmp_nodev doesn't apply to debian9
INFO:root:Rule mount_option_var_tmp_nosuid doesn't apply to debian9
INFO:root:Rule mount_option_home_nodev doesn't apply to debian9
INFO:root:Rule mount_option_noexec_removable_partitions doesn't apply to debian9
INFO:root:Rule mount_option_nodev_removable_partitions doesn't apply to debian9
INFO:root:Rule mount_option_nosuid_removable_partitions doesn't apply to debian9
INFO:root:Rule service_autofs_disabled doesn't apply to debian9
INFO:root:Rule kernel_module_usb-storage_disabled doesn't apply to debian9
INFO:root:Rule ensure_gpgcheck_globally_activated doesn't apply to debian9
INFO:root:Rule ensure_gpgcheck_never_disabled doesn't apply to debian9
INFO:root:Rule aide_periodic_cron_checking doesn't apply to debian9
INFO:root:Rule grub2_password doesn't apply to debian9
INFO:root:Rule grub2_uefi_password doesn't apply to debian9
INFO:root:Rule file_groupowner_grub2_cfg doesn't apply to debian9
INFO:root:Rule file_owner_grub2_cfg doesn't apply to debian9
INFO:root:Rule file_permissions_grub2_cfg doesn't apply to debian9
INFO:root:Rule file_groupowner_efi_grub2_cfg doesn't apply to debian9
INFO:root:Rule file_owner_efi_grub2_cfg doesn't apply to debian9
INFO:root:Rule file_permissions_efi_grub2_cfg doesn't apply to debian9
INFO:root:Rule require_emergency_target_auth doesn't apply to debian9
INFO:root:Rule require_singleuser_auth doesn't apply to debian9
INFO:root:Rule disable_users_coredumps doesn't apply to debian9
INFO:root:Rule bios_enable_execution_restrictions doesn't apply to debian9
INFO:root:Rule install_PAE_kernel_on_x86-32 doesn't apply to debian9
INFO:root:Rule disable_prelink doesn't apply to debian9
INFO:root:Rule package_libselinux_installed doesn't apply to debian9
INFO:root:Rule grub2_enable_selinux doesn't apply to debian9
INFO:root:Rule selinux_policytype doesn't apply to debian9
INFO:root:Rule selinux_confinement_of_daemons doesn't apply to debian9
INFO:root:Rule package_setroubleshoot_removed doesn't apply to debian9
INFO:root:Rule package_mcstrans_removed doesn't apply to debian9
INFO:root:Rule banner_etc_motd doesn't apply to debian9
INFO:root:Rule banner_etc_issue doesn't apply to debian9
INFO:root:Rule file_groupowner_etc_motd doesn't apply to debian9
INFO:root:Rule file_owner_etc_motd doesn't apply to debian9
INFO:root:Rule file_permissions_etc_motd doesn't apply to debian9
INFO:root:Rule file_groupowner_etc_issue doesn't apply to debian9
INFO:root:Rule file_owner_etc_issue doesn't apply to debian9
INFO:root:Rule file_permissions_etc_issue doesn't apply to debian9
INFO:root:Rule dconf_gnome_banner_enabled doesn't apply to debian9
INFO:root:Rule dconf_gnome_login_banner_text doesn't apply to debian9
INFO:root:Rule dconf_gnome_disable_user_list doesn't apply to debian9
INFO:root:Rule package_xinetd_removed doesn't apply to debian9
INFO:root:Rule chronyd_run_as_chrony_user doesn't apply to debian9
INFO:root:Rule ntpd_configure_restrictions doesn't apply to debian9
INFO:root:Rule ntpd_run_as_ntp_user doesn't apply to debian9
INFO:root:Rule xwindows_remove_packages doesn't apply to debian9
INFO:root:Rule service_avahi-daemon_disabled doesn't apply to debian9
INFO:root:Rule package_dhcp_removed doesn't apply to debian9
INFO:root:Rule package_openldap-servers_removed doesn't apply to debian9
INFO:root:Rule package_bind_removed doesn't apply to debian9
INFO:root:Rule package_vsftpd_removed doesn't apply to debian9
INFO:root:Rule package_httpd_removed doesn't apply to debian9
INFO:root:Rule package_dovecot_removed doesn't apply to debian9
INFO:root:Rule package_samba_removed doesn't apply to debian9
INFO:root:Rule package_squid_removed doesn't apply to debian9
INFO:root:Rule package_ypserv_removed doesn't apply to debian9
INFO:root:Rule package_telnet-server_removed doesn't apply to debian9
INFO:root:Rule postfix_network_listening_disabled doesn't apply to debian9
INFO:root:Rule package_nfs-utils_removed doesn't apply to debian9
INFO:root:Rule service_rpcbind_disabled doesn't apply to debian9
INFO:root:Rule service_rsyncd_disabled doesn't apply to debian9
INFO:root:Rule package_ypbind_removed doesn't apply to debian9
INFO:root:Rule package_rsh_removed doesn't apply to debian9
INFO:root:Rule package_talk_removed doesn't apply to debian9
INFO:root:Rule package_telnet_removed doesn't apply to debian9
INFO:root:Rule package_openldap-clients_removed doesn't apply to debian9
INFO:root:Rule wireless_disable_interfaces doesn't apply to debian9
INFO:root:Rule sysctl_net_ipv4_ip_forward doesn't apply to debian9
INFO:root:Rule sysctl_net_ipv6_conf_all_forwarding doesn't apply to debian9
INFO:root:Rule sysctl_net_ipv4_conf_all_send_redirects doesn't apply to debian9
INFO:root:Rule sysctl_net_ipv4_conf_default_send_redirects doesn't apply to debian9
INFO:root:Rule sysctl_net_ipv4_conf_all_accept_source_route doesn't apply to debian9
INFO:root:Rule sysctl_net_ipv4_conf_default_accept_source_route doesn't apply to debian9
INFO:root:Rule sysctl_net_ipv6_conf_all_accept_source_route doesn't apply to debian9
INFO:root:Rule sysctl_net_ipv6_conf_default_accept_source_route doesn't apply to debian9
INFO:root:Rule sysctl_net_ipv4_conf_all_accept_redirects doesn't apply to debian9
INFO:root:Rule sysctl_net_ipv4_conf_default_accept_redirects doesn't apply to debian9
INFO:root:Rule sysctl_net_ipv6_conf_all_accept_redirects doesn't apply to debian9
INFO:root:Rule sysctl_net_ipv6_conf_default_accept_redirects doesn't apply to debian9
INFO:root:Rule sysctl_net_ipv4_conf_all_secure_redirects doesn't apply to debian9
INFO:root:Rule sysctl_net_ipv4_conf_default_secure_redirects doesn't apply to debian9
INFO:root:Rule sysctl_net_ipv4_conf_all_log_martians doesn't apply to debian9
INFO:root:Rule sysctl_net_ipv4_conf_default_log_martians doesn't apply to debian9
INFO:root:Rule sysctl_net_ipv4_icmp_echo_ignore_broadcasts doesn't apply to debian9
INFO:root:Rule sysctl_net_ipv4_icmp_ignore_bogus_error_responses doesn't apply to debian9
INFO:root:Rule sysctl_net_ipv4_conf_all_rp_filter doesn't apply to debian9
INFO:root:Rule sysctl_net_ipv4_conf_default_rp_filter doesn't apply to debian9
INFO:root:Rule sysctl_net_ipv4_tcp_syncookies doesn't apply to debian9
INFO:root:Rule sysctl_net_ipv6_conf_all_accept_ra doesn't apply to debian9
INFO:root:Rule sysctl_net_ipv6_conf_default_accept_ra doesn't apply to debian9
INFO:root:Rule kernel_module_dccp_disabled doesn't apply to debian9
INFO:root:Rule kernel_module_sctp_disabled doesn't apply to debian9
INFO:root:Rule package_iptables_installed doesn't apply to debian9
INFO:root:Rule package_firewalld_installed doesn't apply to debian9
INFO:root:Rule service_firewalld_enabled doesn't apply to debian9
INFO:root:Rule set_firewalld_default_zone doesn't apply to debian9
INFO:root:Rule grub2_audit_argument doesn't apply to debian9
INFO:root:Rule grub2_audit_backlog_limit_argument doesn't apply to debian9
INFO:root:Rule audit_rules_usergroup_modification_group doesn't apply to debian9
INFO:root:Rule audit_rules_usergroup_modification_gshadow doesn't apply to debian9
INFO:root:Rule audit_rules_usergroup_modification_opasswd doesn't apply to debian9
INFO:root:Rule audit_rules_usergroup_modification_passwd doesn't apply to debian9
INFO:root:Rule audit_rules_usergroup_modification_shadow doesn't apply to debian9
INFO:root:Rule audit_rules_privileged_commands_insmod doesn't apply to debian9
INFO:root:Rule audit_rules_privileged_commands_rmmod doesn't apply to debian9
INFO:root:Rule audit_rules_privileged_commands_modprobe doesn't apply to debian9
INFO:root:Rule service_crond_enabled doesn't apply to debian9
INFO:root:Rule file_groupowner_crontab doesn't apply to debian9
INFO:root:Rule file_owner_crontab doesn't apply to debian9
INFO:root:Rule file_permissions_crontab doesn't apply to debian9
INFO:root:Rule file_groupowner_cron_hourly doesn't apply to debian9
INFO:root:Rule file_owner_cron_hourly doesn't apply to debian9
INFO:root:Rule file_permissions_cron_hourly doesn't apply to debian9
INFO:root:Rule file_groupowner_cron_daily doesn't apply to debian9
INFO:root:Rule file_owner_cron_daily doesn't apply to debian9
INFO:root:Rule file_permissions_cron_daily doesn't apply to debian9
INFO:root:Rule file_groupowner_cron_weekly doesn't apply to debian9
INFO:root:Rule file_owner_cron_weekly doesn't apply to debian9
INFO:root:Rule file_permissions_cron_weekly doesn't apply to debian9
INFO:root:Rule file_groupowner_cron_monthly doesn't apply to debian9
INFO:root:Rule file_owner_cron_monthly doesn't apply to debian9
INFO:root:Rule file_permissions_cron_monthly doesn't apply to debian9
INFO:root:Rule file_groupowner_cron_d doesn't apply to debian9
INFO:root:Rule file_owner_cron_d doesn't apply to debian9
INFO:root:Rule file_permissions_cron_d doesn't apply to debian9
INFO:root:Rule file_groupowner_cron_allow doesn't apply to debian9
INFO:root:Rule file_owner_cron_allow doesn't apply to debian9
INFO:root:Rule package_sudo_installed doesn't apply to debian9
INFO:root:Rule file_groupowner_sshd_config doesn't apply to debian9
INFO:root:Rule file_owner_sshd_config doesn't apply to debian9
INFO:root:Rule file_permissions_sshd_config doesn't apply to debian9
INFO:root:Rule sshd_use_approved_ciphers doesn't apply to debian9
INFO:root:Rule sshd_use_approved_macs doesn't apply to debian9
INFO:root:Rule accounts_password_pam_minlen doesn't apply to debian9
INFO:root:Rule accounts_password_pam_minclass doesn't apply to debian9
INFO:root:Rule set_password_hashing_algorithm_systemauth doesn't apply to debian9
INFO:root:Rule accounts_password_pam_pwhistory_remember_system_auth doesn't apply to debian9
INFO:root:Rule accounts_password_pam_pwhistory_remember_password_auth doesn't apply to debian9
INFO:root:Rule account_disable_post_pw_expiration doesn't apply to debian9
INFO:root:Rule no_shelllogin_for_systemaccounts doesn't apply to debian9
INFO:root:Rule accounts_tmout doesn't apply to debian9
INFO:root:Rule accounts_umask_etc_bashrc doesn't apply to debian9
INFO:root:Rule use_pam_wheel_for_su doesn't apply to debian9
INFO:root:Rule no_files_unowned_by_user doesn't apply to debian9
INFO:root:Rule file_permissions_ungroupowned doesn't apply to debian9
INFO:root:Rule account_unique_id doesn't apply to debian9
INFO:root:Found file /home/chase/_work/complianceascode-content/complianceascode-content/controls/cis_rhel8.yml
INFO:root:Rule dconf_db_up_to_date doesn't apply to debian9
INFO:root:Rule kernel_module_cramfs_disabled doesn't apply to debian9
INFO:root:Rule kernel_module_squashfs_disabled doesn't apply to debian9
INFO:root:Rule kernel_module_udf_disabled doesn't apply to debian9
INFO:root:Rule mount_option_tmp_nodev doesn't apply to debian9
INFO:root:Rule mount_option_tmp_nosuid doesn't apply to debian9
INFO:root:Rule mount_option_tmp_noexec doesn't apply to debian9
INFO:root:Rule partition_for_var_tmp doesn't apply to debian9
INFO:root:Rule mount_option_var_tmp_nodev doesn't apply to debian9
INFO:root:Rule mount_option_var_tmp_nosuid doesn't apply to debian9
INFO:root:Rule mount_option_var_tmp_noexec doesn't apply to debian9
INFO:root:Rule mount_option_home_nodev doesn't apply to debian9
INFO:root:Rule mount_option_dev_shm_noexec doesn't apply to debian9
INFO:root:Rule service_autofs_disabled doesn't apply to debian9
INFO:root:Rule kernel_module_usb-storage_disabled doesn't apply to debian9
INFO:root:Rule ensure_gpgcheck_globally_activated doesn't apply to debian9
INFO:root:Rule package_sudo_installed doesn't apply to debian9
INFO:root:Rule aide_periodic_cron_checking doesn't apply to debian9
INFO:root:Rule file_groupowner_efi_grub2_cfg doesn't apply to debian9
INFO:root:Rule file_groupowner_grub2_cfg doesn't apply to debian9
INFO:root:Rule file_owner_efi_grub2_cfg doesn't apply to debian9
INFO:root:Rule file_owner_grub2_cfg doesn't apply to debian9
INFO:root:Rule file_permissions_efi_grub2_cfg doesn't apply to debian9
INFO:root:Rule file_permissions_grub2_cfg doesn't apply to debian9
INFO:root:Rule grub2_password doesn't apply to debian9
INFO:root:Rule grub2_uefi_password doesn't apply to debian9
INFO:root:Rule require_singleuser_auth doesn't apply to debian9
INFO:root:Rule require_emergency_target_auth doesn't apply to debian9
INFO:root:Rule disable_users_coredumps doesn't apply to debian9
INFO:root:Rule package_libselinux_installed doesn't apply to debian9
INFO:root:Rule grub2_enable_selinux doesn't apply to debian9
INFO:root:Rule selinux_policytype doesn't apply to debian9
INFO:root:Rule selinux_confinement_of_daemons doesn't apply to debian9
INFO:root:Rule package_setroubleshoot_removed doesn't apply to debian9
INFO:root:Rule package_mcstrans_removed doesn't apply to debian9
INFO:root:Rule banner_etc_motd doesn't apply to debian9
INFO:root:Rule banner_etc_issue doesn't apply to debian9
INFO:root:Rule file_groupowner_etc_motd doesn't apply to debian9
INFO:root:Rule file_owner_etc_motd doesn't apply to debian9
INFO:root:Rule file_permissions_etc_motd doesn't apply to debian9
INFO:root:Rule file_groupowner_etc_issue doesn't apply to debian9
INFO:root:Rule file_owner_etc_issue doesn't apply to debian9
INFO:root:Rule file_permissions_etc_issue doesn't apply to debian9
INFO:root:Rule dconf_gnome_banner_enabled doesn't apply to debian9
INFO:root:Rule dconf_gnome_login_banner_text doesn't apply to debian9
INFO:root:Rule configure_crypto_policy doesn't apply to debian9
INFO:root:Rule package_xinetd_removed doesn't apply to debian9
INFO:root:Rule chronyd_run_as_chrony_user doesn't apply to debian9
INFO:root:Rule xwindows_remove_packages doesn't apply to debian9
INFO:root:Rule service_rsyncd_disabled doesn't apply to debian9
INFO:root:Rule service_avahi-daemon_disabled doesn't apply to debian9
INFO:root:Rule service_squid_disabled doesn't apply to debian9
INFO:root:Rule service_smb_disabled doesn't apply to debian9
INFO:root:Rule service_dovecot_disabled doesn't apply to debian9
INFO:root:Rule service_httpd_disabled doesn't apply to debian9
INFO:root:Rule service_vsftpd_disabled doesn't apply to debian9
INFO:root:Rule service_named_disabled doesn't apply to debian9
INFO:root:Rule service_nfs_disabled doesn't apply to debian9
INFO:root:Rule service_rpcbind_disabled doesn't apply to debian9
INFO:root:Rule service_dhcpd_disabled doesn't apply to debian9
INFO:root:Rule service_cups_disabled doesn't apply to debian9
INFO:root:Rule postfix_network_listening_disabled doesn't apply to debian9
INFO:root:Rule package_ypbind_removed doesn't apply to debian9
INFO:root:Rule package_telnet_removed doesn't apply to debian9
INFO:root:Rule package_openldap-clients_removed doesn't apply to debian9
INFO:root:Rule sysctl_net_ipv4_ip_forward doesn't apply to debian9
INFO:root:Rule sysctl_net_ipv6_conf_all_forwarding doesn't apply to debian9
INFO:root:Rule sysctl_net_ipv4_conf_all_send_redirects doesn't apply to debian9
INFO:root:Rule sysctl_net_ipv4_conf_default_send_redirects doesn't apply to debian9
INFO:root:Rule sysctl_net_ipv4_conf_all_accept_source_route doesn't apply to debian9
INFO:root:Rule sysctl_net_ipv4_conf_default_accept_source_route doesn't apply to debian9
INFO:root:Rule sysctl_net_ipv6_conf_all_accept_source_route doesn't apply to debian9
INFO:root:Rule sysctl_net_ipv6_conf_default_accept_source_route doesn't apply to debian9
INFO:root:Rule sysctl_net_ipv4_conf_all_accept_redirects doesn't apply to debian9
INFO:root:Rule sysctl_net_ipv4_conf_default_accept_redirects doesn't apply to debian9
INFO:root:Rule sysctl_net_ipv6_conf_all_accept_redirects doesn't apply to debian9
INFO:root:Rule sysctl_net_ipv6_conf_default_accept_redirects doesn't apply to debian9
INFO:root:Rule sysctl_net_ipv4_conf_all_secure_redirects doesn't apply to debian9
INFO:root:Rule sysctl_net_ipv4_conf_default_secure_redirects doesn't apply to debian9
INFO:root:Rule sysctl_net_ipv4_conf_all_log_martians doesn't apply to debian9
INFO:root:Rule sysctl_net_ipv4_conf_default_log_martians doesn't apply to debian9
INFO:root:Rule sysctl_net_ipv4_icmp_echo_ignore_broadcasts doesn't apply to debian9
INFO:root:Rule sysctl_net_ipv4_icmp_ignore_bogus_error_responses doesn't apply to debian9
INFO:root:Rule sysctl_net_ipv4_conf_all_rp_filter doesn't apply to debian9
INFO:root:Rule sysctl_net_ipv4_conf_default_rp_filter doesn't apply to debian9
INFO:root:Rule sysctl_net_ipv4_tcp_syncookies doesn't apply to debian9
INFO:root:Rule sysctl_net_ipv6_conf_all_accept_ra doesn't apply to debian9
INFO:root:Rule sysctl_net_ipv6_conf_default_accept_ra doesn't apply to debian9
INFO:root:Rule kernel_module_dccp_disabled doesn't apply to debian9
INFO:root:Rule kernel_module_sctp_disabled doesn't apply to debian9
INFO:root:Rule package_firewalld_installed doesn't apply to debian9
INFO:root:Rule service_firewalld_enabled doesn't apply to debian9
INFO:root:Rule set_firewalld_default_zone doesn't apply to debian9
INFO:root:Rule wireless_disable_interfaces doesn't apply to debian9
INFO:root:Rule grub2_audit_argument doesn't apply to debian9
INFO:root:Rule grub2_audit_backlog_limit_argument doesn't apply to debian9
INFO:root:Rule audit_rules_usergroup_modification_group doesn't apply to debian9
INFO:root:Rule audit_rules_usergroup_modification_gshadow doesn't apply to debian9
INFO:root:Rule audit_rules_usergroup_modification_opasswd doesn't apply to debian9
INFO:root:Rule audit_rules_usergroup_modification_passwd doesn't apply to debian9
INFO:root:Rule audit_rules_usergroup_modification_shadow doesn't apply to debian9
INFO:root:Rule audit_rules_privileged_commands_insmod doesn't apply to debian9
INFO:root:Rule audit_rules_privileged_commands_modprobe doesn't apply to debian9
INFO:root:Rule audit_rules_privileged_commands_rmmod doesn't apply to debian9
INFO:root:Rule service_crond_enabled doesn't apply to debian9
INFO:root:Rule file_groupowner_crontab doesn't apply to debian9
INFO:root:Rule file_owner_crontab doesn't apply to debian9
INFO:root:Rule file_permissions_crontab doesn't apply to debian9
INFO:root:Rule file_groupowner_cron_hourly doesn't apply to debian9
INFO:root:Rule file_owner_cron_hourly doesn't apply to debian9
INFO:root:Rule file_permissions_cron_hourly doesn't apply to debian9
INFO:root:Rule file_groupowner_cron_daily doesn't apply to debian9
INFO:root:Rule file_owner_cron_daily doesn't apply to debian9
INFO:root:Rule file_permissions_cron_daily doesn't apply to debian9
INFO:root:Rule file_groupowner_cron_weekly doesn't apply to debian9
INFO:root:Rule file_owner_cron_weekly doesn't apply to debian9
INFO:root:Rule file_permissions_cron_weekly doesn't apply to debian9
INFO:root:Rule file_groupowner_cron_monthly doesn't apply to debian9
INFO:root:Rule file_owner_cron_monthly doesn't apply to debian9
INFO:root:Rule file_permissions_cron_monthly doesn't apply to debian9
INFO:root:Rule file_groupowner_cron_d doesn't apply to debian9
INFO:root:Rule file_owner_cron_d doesn't apply to debian9
INFO:root:Rule file_permissions_cron_d doesn't apply to debian9
INFO:root:Rule file_groupowner_sshd_config doesn't apply to debian9
INFO:root:Rule file_owner_sshd_config doesn't apply to debian9
INFO:root:Rule file_permissions_sshd_config doesn't apply to debian9
INFO:root:Rule configure_ssh_crypto_policy doesn't apply to debian9
INFO:root:Rule accounts_password_pam_minclass doesn't apply to debian9
INFO:root:Rule accounts_password_pam_minlen doesn't apply to debian9
INFO:root:Rule accounts_password_pam_retry doesn't apply to debian9
INFO:root:Rule accounts_password_pam_pwhistory_remember_password_auth doesn't apply to debian9
INFO:root:Rule accounts_password_pam_pwhistory_remember_system_auth doesn't apply to debian9
INFO:root:Rule set_password_hashing_algorithm_systemauth doesn't apply to debian9
INFO:root:Rule account_disable_post_pw_expiration doesn't apply to debian9
INFO:root:Rule no_shelllogin_for_systemaccounts doesn't apply to debian9
INFO:root:Rule accounts_tmout doesn't apply to debian9
INFO:root:Rule accounts_umask_etc_bashrc doesn't apply to debian9
INFO:root:Rule use_pam_wheel_for_su doesn't apply to debian9
INFO:root:Rule no_files_unowned_by_user doesn't apply to debian9
INFO:root:Rule file_permissions_ungroupowned doesn't apply to debian9
INFO:root:Rule no_legacy_plus_entries_etc_passwd doesn't apply to debian9
INFO:root:Rule no_legacy_plus_entries_etc_shadow doesn't apply to debian9
INFO:root:Rule no_legacy_plus_entries_etc_group doesn't apply to debian9
INFO:root:Found file /home/chase/_work/complianceascode-content/complianceascode-content/controls/cis_sle12.yml
INFO:root:Rule dconf_db_up_to_date doesn't apply to debian9
INFO:root:Rule kernel_module_squashfs_disabled doesn't apply to debian9
INFO:root:Rule kernel_module_udf_disabled doesn't apply to debian9
INFO:root:Rule mount_option_tmp_noexec doesn't apply to debian9
INFO:root:Rule mount_option_tmp_nodev doesn't apply to debian9
INFO:root:Rule mount_option_tmp_nosuid doesn't apply to debian9
INFO:root:Rule mount_option_dev_shm_noexec doesn't apply to debian9
INFO:root:Rule partition_for_var_tmp doesn't apply to debian9
INFO:root:Rule mount_option_var_tmp_noexec doesn't apply to debian9
INFO:root:Rule mount_option_var_tmp_nodev doesn't apply to debian9
INFO:root:Rule mount_option_var_tmp_nosuid doesn't apply to debian9
INFO:root:Rule mount_option_home_nodev doesn't apply to debian9
INFO:root:Rule mount_option_noexec_removable_partitions doesn't apply to debian9
INFO:root:Rule mount_option_nodev_removable_partitions doesn't apply to debian9
INFO:root:Rule mount_option_nosuid_removable_partitions doesn't apply to debian9
INFO:root:Rule service_autofs_disabled doesn't apply to debian9
INFO:root:Rule ensure_gpgcheck_globally_activated doesn't apply to debian9
INFO:root:Rule ensure_gpgcheck_never_disabled doesn't apply to debian9
INFO:root:Rule aide_periodic_cron_checking doesn't apply to debian9
INFO:root:Rule grub2_password doesn't apply to debian9
INFO:root:Rule grub2_uefi_password doesn't apply to debian9
INFO:root:Rule file_groupowner_grub2_cfg doesn't apply to debian9
INFO:root:Rule file_owner_grub2_cfg doesn't apply to debian9
INFO:root:Rule file_permissions_grub2_cfg doesn't apply to debian9
INFO:root:Rule require_emergency_target_auth doesn't apply to debian9
INFO:root:Rule require_singleuser_auth doesn't apply to debian9
INFO:root:Rule disable_users_coredumps doesn't apply to debian9
INFO:root:Rule bios_enable_execution_restrictions doesn't apply to debian9
INFO:root:Rule install_PAE_kernel_on_x86-32 doesn't apply to debian9
INFO:root:Rule disable_prelink doesn't apply to debian9
INFO:root:Rule package_pam_apparmor_installed doesn't apply to debian9
INFO:root:Rule banner_etc_motd doesn't apply to debian9
INFO:root:Rule banner_etc_issue doesn't apply to debian9
INFO:root:Rule file_groupowner_etc_motd doesn't apply to debian9
INFO:root:Rule file_owner_etc_motd doesn't apply to debian9
INFO:root:Rule file_permissions_etc_motd doesn't apply to debian9
INFO:root:Rule file_groupowner_etc_issue doesn't apply to debian9
INFO:root:Rule file_owner_etc_issue doesn't apply to debian9
INFO:root:Rule file_permissions_etc_issue doesn't apply to debian9
INFO:root:Rule dconf_gnome_banner_enabled doesn't apply to debian9
INFO:root:Rule dconf_gnome_login_banner_text doesn't apply to debian9
INFO:root:Rule package_xinetd_removed doesn't apply to debian9
INFO:root:Rule chronyd_run_as_chrony_user doesn't apply to debian9
INFO:root:Rule ntpd_configure_restrictions doesn't apply to debian9
INFO:root:Rule ntpd_run_as_ntp_user doesn't apply to debian9
INFO:root:Rule xwindows_remove_packages doesn't apply to debian9
INFO:root:Rule service_avahi-daemon_disabled doesn't apply to debian9
INFO:root:Rule package_dhcp_removed doesn't apply to debian9
INFO:root:Rule package_openldap-servers_removed doesn't apply to debian9
INFO:root:Rule package_bind_removed doesn't apply to debian9
INFO:root:Rule package_vsftpd_removed doesn't apply to debian9
INFO:root:Rule package_httpd_removed doesn't apply to debian9
INFO:root:Rule package_dovecot_removed doesn't apply to debian9
INFO:root:Rule package_samba_removed doesn't apply to debian9
INFO:root:Rule package_squid_removed doesn't apply to debian9
INFO:root:Rule package_ypserv_removed doesn't apply to debian9
INFO:root:Rule package_telnet-server_removed doesn't apply to debian9
INFO:root:Rule package_nfs-utils_removed doesn't apply to debian9
INFO:root:Rule service_rpcbind_disabled doesn't apply to debian9
INFO:root:Rule service_rsyncd_disabled doesn't apply to debian9
INFO:root:Rule postfix_network_listening_disabled doesn't apply to debian9
INFO:root:Rule package_ypbind_removed doesn't apply to debian9
INFO:root:Rule package_rsh_removed doesn't apply to debian9
INFO:root:Rule package_talk_removed doesn't apply to debian9
INFO:root:Rule package_telnet_removed doesn't apply to debian9
INFO:root:Rule package_openldap-clients_removed doesn't apply to debian9
INFO:root:Rule wireless_disable_interfaces doesn't apply to debian9
INFO:root:Rule sysctl_net_ipv4_ip_forward doesn't apply to debian9
INFO:root:Rule sysctl_net_ipv6_conf_all_forwarding doesn't apply to debian9
INFO:root:Rule sysctl_net_ipv4_conf_all_send_redirects doesn't apply to debian9
INFO:root:Rule sysctl_net_ipv4_conf_default_send_redirects doesn't apply to debian9
INFO:root:Rule sysctl_net_ipv4_conf_all_accept_source_route doesn't apply to debian9
INFO:root:Rule sysctl_net_ipv4_conf_default_accept_source_route doesn't apply to debian9
INFO:root:Rule sysctl_net_ipv6_conf_all_accept_source_route doesn't apply to debian9
INFO:root:Rule sysctl_net_ipv6_conf_default_accept_source_route doesn't apply to debian9
INFO:root:Rule sysctl_net_ipv4_conf_all_accept_redirects doesn't apply to debian9
INFO:root:Rule sysctl_net_ipv4_conf_default_accept_redirects doesn't apply to debian9
INFO:root:Rule sysctl_net_ipv6_conf_all_accept_redirects doesn't apply to debian9
INFO:root:Rule sysctl_net_ipv6_conf_default_accept_redirects doesn't apply to debian9
INFO:root:Rule sysctl_net_ipv4_conf_all_secure_redirects doesn't apply to debian9
INFO:root:Rule sysctl_net_ipv4_conf_default_secure_redirects doesn't apply to debian9
INFO:root:Rule sysctl_net_ipv4_conf_all_log_martians doesn't apply to debian9
INFO:root:Rule sysctl_net_ipv4_conf_default_log_martians doesn't apply to debian9
INFO:root:Rule sysctl_net_ipv4_icmp_echo_ignore_broadcasts doesn't apply to debian9
INFO:root:Rule sysctl_net_ipv4_icmp_ignore_bogus_error_responses doesn't apply to debian9
INFO:root:Rule sysctl_net_ipv4_conf_all_rp_filter doesn't apply to debian9
INFO:root:Rule sysctl_net_ipv4_conf_default_rp_filter doesn't apply to debian9
INFO:root:Rule sysctl_net_ipv4_tcp_syncookies doesn't apply to debian9
INFO:root:Rule sysctl_net_ipv6_conf_all_accept_ra doesn't apply to debian9
INFO:root:Rule sysctl_net_ipv6_conf_default_accept_ra doesn't apply to debian9
INFO:root:Rule kernel_module_dccp_disabled doesn't apply to debian9
INFO:root:Rule kernel_module_sctp_disabled doesn't apply to debian9
INFO:root:Rule package_iptables_installed doesn't apply to debian9
INFO:root:Rule grub2_audit_argument doesn't apply to debian9
INFO:root:Rule grub2_audit_backlog_limit_argument doesn't apply to debian9
INFO:root:Rule audit_rules_usergroup_modification_group doesn't apply to debian9
INFO:root:Rule audit_rules_usergroup_modification_gshadow doesn't apply to debian9
INFO:root:Rule audit_rules_usergroup_modification_opasswd doesn't apply to debian9
INFO:root:Rule audit_rules_usergroup_modification_passwd doesn't apply to debian9
INFO:root:Rule audit_rules_usergroup_modification_shadow doesn't apply to debian9
INFO:root:Rule audit_rules_privileged_commands_insmod doesn't apply to debian9
INFO:root:Rule audit_rules_privileged_commands_rmmod doesn't apply to debian9
INFO:root:Rule audit_rules_privileged_commands_modprobe doesn't apply to debian9
INFO:root:Rule package_sudo_installed doesn't apply to debian9
INFO:root:Rule service_crond_enabled doesn't apply to debian9
INFO:root:Rule file_groupowner_crontab doesn't apply to debian9
INFO:root:Rule file_owner_crontab doesn't apply to debian9
INFO:root:Rule file_permissions_crontab doesn't apply to debian9
INFO:root:Rule file_groupowner_cron_hourly doesn't apply to debian9
INFO:root:Rule file_owner_cron_hourly doesn't apply to debian9
INFO:root:Rule file_permissions_cron_hourly doesn't apply to debian9
INFO:root:Rule file_groupowner_cron_daily doesn't apply to debian9
INFO:root:Rule file_owner_cron_daily doesn't apply to debian9
INFO:root:Rule file_permissions_cron_daily doesn't apply to debian9
INFO:root:Rule file_groupowner_cron_weekly doesn't apply to debian9
INFO:root:Rule file_owner_cron_weekly doesn't apply to debian9
INFO:root:Rule file_permissions_cron_weekly doesn't apply to debian9
INFO:root:Rule file_groupowner_cron_monthly doesn't apply to debian9
INFO:root:Rule file_owner_cron_monthly doesn't apply to debian9
INFO:root:Rule file_permissions_cron_monthly doesn't apply to debian9
INFO:root:Rule file_groupowner_cron_d doesn't apply to debian9
INFO:root:Rule file_owner_cron_d doesn't apply to debian9
INFO:root:Rule file_permissions_cron_d doesn't apply to debian9
INFO:root:Rule file_groupowner_cron_allow doesn't apply to debian9
INFO:root:Rule file_owner_cron_allow doesn't apply to debian9
INFO:root:Rule file_groupowner_sshd_config doesn't apply to debian9
INFO:root:Rule file_owner_sshd_config doesn't apply to debian9
INFO:root:Rule file_permissions_sshd_config doesn't apply to debian9
INFO:root:Rule sshd_use_approved_ciphers doesn't apply to debian9
INFO:root:Rule sshd_use_approved_macs doesn't apply to debian9
INFO:root:Rule cracklib_accounts_password_pam_dcredit doesn't apply to debian9
INFO:root:Rule cracklib_accounts_password_pam_ucredit doesn't apply to debian9
INFO:root:Rule cracklib_accounts_password_pam_lcredit doesn't apply to debian9
INFO:root:Rule cracklib_accounts_password_pam_ocredit doesn't apply to debian9
INFO:root:Rule cracklib_accounts_password_pam_minlen doesn't apply to debian9
INFO:root:Rule cracklib_accounts_password_pam_retry doesn't apply to debian9
INFO:root:Rule accounts_passwords_pam_tally2 doesn't apply to debian9
INFO:root:Rule set_password_hashing_algorithm_logindefs doesn't apply to debian9
INFO:root:Rule account_disable_post_pw_expiration doesn't apply to debian9
INFO:root:Rule no_shelllogin_for_systemaccounts doesn't apply to debian9
INFO:root:Rule accounts_tmout doesn't apply to debian9
INFO:root:Rule accounts_umask_etc_bashrc doesn't apply to debian9
INFO:root:Rule use_pam_wheel_for_su doesn't apply to debian9
INFO:root:Rule no_files_unowned_by_user doesn't apply to debian9
INFO:root:Rule file_permissions_ungroupowned doesn't apply to debian9
INFO:root:Rule account_unique_id doesn't apply to debian9
INFO:root:Found file /home/chase/_work/complianceascode-content/complianceascode-content/controls/pcidss_ocp4.yml
