INFO:root:Found file /home/chase/_work/complianceascode-content/complianceascode-content/controls/anssi.yml
INFO:root:Rule bios_enable_execution_restrictions doesn't apply to rhel9
INFO:root:Rule install_PAE_kernel_on_x86-32 doesn't apply to rhel9
INFO:root:Rule partition_for_boot doesn't apply to rhel9
INFO:root:Rule partition_for_opt doesn't apply to rhel9
INFO:root:Rule partition_for_usr doesn't apply to rhel9
INFO:root:Rule ensure_oracle_gpgkey_installed doesn't apply to rhel9
INFO:root:Rule enable_pam_namespace doesn't apply to rhel9
INFO:root:Rule sudo_dedicated_group doesn't apply to rhel9
INFO:root:Rule sudo_add_umask doesn't apply to rhel9
INFO:root:Rule sudo_add_ignore_dot doesn't apply to rhel9
INFO:root:Rule sudo_add_env_reset doesn't apply to rhel9
INFO:root:Rule sudo_add_passwd_timeout doesn't apply to rhel9
INFO:root:Found file /home/chase/_work/complianceascode-content/complianceascode-content/controls/cis_rhel7.yml
INFO:root:Rule file_groupowner_efi_grub2_cfg doesn't apply to rhel9
INFO:root:Rule file_owner_efi_grub2_cfg doesn't apply to rhel9
INFO:root:Rule bios_enable_execution_restrictions doesn't apply to rhel9
INFO:root:Rule install_PAE_kernel_on_x86-32 doesn't apply to rhel9
INFO:root:Rule disable_prelink doesn't apply to rhel9
INFO:root:Rule file_groupowner_etc_motd doesn't apply to rhel9
INFO:root:Rule file_owner_etc_motd doesn't apply to rhel9
INFO:root:Rule file_groupowner_etc_issue doesn't apply to rhel9
INFO:root:Rule file_owner_etc_issue doesn't apply to rhel9
INFO:root:Rule ntpd_configure_restrictions doesn't apply to rhel9
INFO:root:Rule ntpd_run_as_ntp_user doesn't apply to rhel9
INFO:root:Rule package_iptables_installed doesn't apply to rhel9
INFO:root:Rule audit_rules_privileged_commands_insmod doesn't apply to rhel9
INFO:root:Rule audit_rules_privileged_commands_rmmod doesn't apply to rhel9
INFO:root:Rule audit_rules_privileged_commands_modprobe doesn't apply to rhel9
INFO:root:Rule file_groupowner_cron_allow doesn't apply to rhel9
INFO:root:Rule file_owner_cron_allow doesn't apply to rhel9
INFO:root:Rule sshd_use_approved_ciphers doesn't apply to rhel9
INFO:root:Rule sshd_use_approved_macs doesn't apply to rhel9
INFO:root:Rule account_unique_id doesn't apply to rhel9
INFO:root:Found file /home/chase/_work/complianceascode-content/complianceascode-content/controls/cis_rhel8.yml
INFO:root:Rule file_groupowner_efi_grub2_cfg doesn't apply to rhel9
INFO:root:Rule file_owner_efi_grub2_cfg doesn't apply to rhel9
INFO:root:Rule file_groupowner_etc_motd doesn't apply to rhel9
INFO:root:Rule file_owner_etc_motd doesn't apply to rhel9
INFO:root:Rule file_groupowner_etc_issue doesn't apply to rhel9
INFO:root:Rule file_owner_etc_issue doesn't apply to rhel9
INFO:root:Rule audit_rules_privileged_commands_insmod doesn't apply to rhel9
INFO:root:Rule audit_rules_privileged_commands_modprobe doesn't apply to rhel9
INFO:root:Rule audit_rules_privileged_commands_rmmod doesn't apply to rhel9
INFO:root:Found file /home/chase/_work/complianceascode-content/complianceascode-content/controls/cis_sle12.yml
INFO:root:Rule bios_enable_execution_restrictions doesn't apply to rhel9
INFO:root:Rule install_PAE_kernel_on_x86-32 doesn't apply to rhel9
INFO:root:Rule disable_prelink doesn't apply to rhel9
INFO:root:Rule package_pam_apparmor_installed doesn't apply to rhel9
INFO:root:Rule file_groupowner_etc_motd doesn't apply to rhel9
INFO:root:Rule file_owner_etc_motd doesn't apply to rhel9
INFO:root:Rule file_groupowner_etc_issue doesn't apply to rhel9
INFO:root:Rule file_owner_etc_issue doesn't apply to rhel9
INFO:root:Rule ntpd_configure_restrictions doesn't apply to rhel9
INFO:root:Rule ntpd_run_as_ntp_user doesn't apply to rhel9
INFO:root:Rule package_iptables_installed doesn't apply to rhel9
INFO:root:Rule audit_rules_privileged_commands_insmod doesn't apply to rhel9
INFO:root:Rule audit_rules_privileged_commands_rmmod doesn't apply to rhel9
INFO:root:Rule audit_rules_privileged_commands_modprobe doesn't apply to rhel9
INFO:root:Rule file_groupowner_cron_allow doesn't apply to rhel9
INFO:root:Rule file_owner_cron_allow doesn't apply to rhel9
INFO:root:Rule sshd_use_approved_ciphers doesn't apply to rhel9
INFO:root:Rule sshd_use_approved_macs doesn't apply to rhel9
INFO:root:Rule cracklib_accounts_password_pam_dcredit doesn't apply to rhel9
INFO:root:Rule cracklib_accounts_password_pam_ucredit doesn't apply to rhel9
INFO:root:Rule cracklib_accounts_password_pam_lcredit doesn't apply to rhel9
INFO:root:Rule cracklib_accounts_password_pam_ocredit doesn't apply to rhel9
INFO:root:Rule cracklib_accounts_password_pam_minlen doesn't apply to rhel9
INFO:root:Rule cracklib_accounts_password_pam_retry doesn't apply to rhel9
INFO:root:Rule accounts_passwords_pam_tally2 doesn't apply to rhel9
INFO:root:Rule account_unique_id doesn't apply to rhel9
INFO:root:Found file /home/chase/_work/complianceascode-content/complianceascode-content/controls/pcidss_ocp4.yml
