INFO:root:Found file /home/chase/_work/complianceascode-content/complianceascode-content/controls/anssi.yml
INFO:root:Rule package_dhcp_removed doesn't apply to rhv4
INFO:root:Rule package_sendmail_removed doesn't apply to rhv4
INFO:root:Rule package_tftp_removed doesn't apply to rhv4
INFO:root:Rule package_dnf-automatic_installed doesn't apply to rhv4
INFO:root:Rule timer_dnf-automatic_enabled doesn't apply to rhv4
INFO:root:Rule dnf-automatic_apply_updates doesn't apply to rhv4
INFO:root:Rule dnf-automatic_security_updates_only doesn't apply to rhv4
INFO:root:Rule bios_enable_execution_restrictions doesn't apply to rhv4
INFO:root:Rule mount_option_nodev_nonroot_local_partitions doesn't apply to rhv4
INFO:root:Rule partition_for_boot doesn't apply to rhv4
INFO:root:Rule mount_option_boot_nosuid doesn't apply to rhv4
INFO:root:Rule partition_for_opt doesn't apply to rhv4
INFO:root:Rule mount_option_tmp_nosuid doesn't apply to rhv4
INFO:root:Rule mount_option_tmp_noexec doesn't apply to rhv4
INFO:root:Rule partition_for_usr doesn't apply to rhv4
INFO:root:Rule mount_option_var_nosuid doesn't apply to rhv4
INFO:root:Rule mount_option_var_log_noexec doesn't apply to rhv4
INFO:root:Rule mount_option_var_log_nosuid doesn't apply to rhv4
INFO:root:Rule partition_for_var_tmp doesn't apply to rhv4
INFO:root:Rule mount_option_var_tmp_nosuid doesn't apply to rhv4
INFO:root:Rule mount_option_var_tmp_noexec doesn't apply to rhv4
INFO:root:Rule ensure_oracle_gpgkey_installed doesn't apply to rhv4
INFO:root:Rule sshd_use_directory_configuration doesn't apply to rhv4
INFO:root:Rule sysctl_net_ipv4_tcp_rfc1337 doesn't apply to rhv4
INFO:root:Rule sysctl_net_ipv4_ip_local_port_range doesn't apply to rhv4
INFO:root:Rule sysctl_net_ipv6_conf_all_router_solicitations doesn't apply to rhv4
INFO:root:Rule sysctl_net_ipv6_conf_default_router_solicitations doesn't apply to rhv4
INFO:root:Rule sysctl_net_ipv6_conf_all_accept_ra_rtr_pref doesn't apply to rhv4
INFO:root:Rule sysctl_net_ipv6_conf_default_accept_ra_rtr_pref doesn't apply to rhv4
INFO:root:Rule sysctl_net_ipv6_conf_all_accept_ra_pinfo doesn't apply to rhv4
INFO:root:Rule sysctl_net_ipv6_conf_default_accept_ra_pinfo doesn't apply to rhv4
INFO:root:Rule sysctl_net_ipv6_conf_all_accept_ra_defrtr doesn't apply to rhv4
INFO:root:Rule sysctl_net_ipv6_conf_default_accept_ra_defrtr doesn't apply to rhv4
INFO:root:Rule sysctl_net_ipv6_conf_all_autoconf doesn't apply to rhv4
INFO:root:Rule sysctl_net_ipv6_conf_default_autoconf doesn't apply to rhv4
INFO:root:Rule sysctl_net_ipv6_conf_all_max_addresses doesn't apply to rhv4
INFO:root:Rule sysctl_net_ipv6_conf_default_max_addresses doesn't apply to rhv4
INFO:root:Rule sysctl_kernel_sysrq doesn't apply to rhv4
INFO:root:Rule sysctl_vm_mmap_min_addr doesn't apply to rhv4
INFO:root:Rule sysctl_kernel_pid_max doesn't apply to rhv4
INFO:root:Rule sysctl_kernel_perf_event_paranoid doesn't apply to rhv4
INFO:root:Rule sysctl_kernel_perf_event_paranoid doesn't apply to rhv4
INFO:root:Rule sysctl_kernel_perf_event_max_sample_rate doesn't apply to rhv4
INFO:root:Rule sysctl_kernel_perf_cpu_time_max_percent doesn't apply to rhv4
INFO:root:Rule sysctl_kernel_modules_disabled doesn't apply to rhv4
INFO:root:Rule sysctl_kernel_yama_ptrace_scope doesn't apply to rhv4
INFO:root:Rule accounts_umask_etc_bashrc doesn't apply to rhv4
INFO:root:Rule file_permissions_unauthorized_suid doesn't apply to rhv4
INFO:root:Rule file_permissions_unauthorized_sgid doesn't apply to rhv4
INFO:root:Rule enable_pam_namespace doesn't apply to rhv4
INFO:root:Rule package_rsyslog-gnutls_installed doesn't apply to rhv4
INFO:root:Rule rsyslog_remote_tls doesn't apply to rhv4
INFO:root:Rule rsyslog_remote_tls_cacert doesn't apply to rhv4
INFO:root:Rule postfix_network_listening_disabled doesn't apply to rhv4
INFO:root:Rule sudo_dedicated_group doesn't apply to rhv4
INFO:root:Rule sudo_add_umask doesn't apply to rhv4
INFO:root:Rule sudo_add_ignore_dot doesn't apply to rhv4
INFO:root:Rule sudo_add_env_reset doesn't apply to rhv4
INFO:root:Rule sudo_add_passwd_timeout doesn't apply to rhv4
INFO:root:Rule package_setroubleshoot_removed doesn't apply to rhv4
INFO:root:Rule package_setroubleshoot-server_removed doesn't apply to rhv4
INFO:root:Rule package_setroubleshoot-plugins_removed doesn't apply to rhv4
INFO:root:Found file /home/chase/_work/complianceascode-content/complianceascode-content/controls/cis_rhel7.yml
INFO:root:Rule dconf_db_up_to_date doesn't apply to rhv4
INFO:root:Rule kernel_module_squashfs_disabled doesn't apply to rhv4
INFO:root:Rule kernel_module_udf_disabled doesn't apply to rhv4
INFO:root:Rule mount_option_tmp_noexec doesn't apply to rhv4
INFO:root:Rule mount_option_tmp_nodev doesn't apply to rhv4
INFO:root:Rule mount_option_tmp_nosuid doesn't apply to rhv4
INFO:root:Rule mount_option_dev_shm_noexec doesn't apply to rhv4
INFO:root:Rule partition_for_var_tmp doesn't apply to rhv4
INFO:root:Rule mount_option_var_tmp_noexec doesn't apply to rhv4
INFO:root:Rule mount_option_var_tmp_nodev doesn't apply to rhv4
INFO:root:Rule mount_option_var_tmp_nosuid doesn't apply to rhv4
INFO:root:Rule mount_option_home_nodev doesn't apply to rhv4
INFO:root:Rule file_groupowner_efi_grub2_cfg doesn't apply to rhv4
INFO:root:Rule file_owner_efi_grub2_cfg doesn't apply to rhv4
INFO:root:Rule file_permissions_efi_grub2_cfg doesn't apply to rhv4
INFO:root:Rule disable_users_coredumps doesn't apply to rhv4
INFO:root:Rule bios_enable_execution_restrictions doesn't apply to rhv4
INFO:root:Rule disable_prelink doesn't apply to rhv4
INFO:root:Rule package_setroubleshoot_removed doesn't apply to rhv4
INFO:root:Rule package_mcstrans_removed doesn't apply to rhv4
INFO:root:Rule dconf_gnome_banner_enabled doesn't apply to rhv4
INFO:root:Rule dconf_gnome_login_banner_text doesn't apply to rhv4
INFO:root:Rule dconf_gnome_disable_user_list doesn't apply to rhv4
INFO:root:Rule chronyd_run_as_chrony_user doesn't apply to rhv4
INFO:root:Rule ntpd_configure_restrictions doesn't apply to rhv4
INFO:root:Rule ntpd_run_as_ntp_user doesn't apply to rhv4
INFO:root:Rule xwindows_remove_packages doesn't apply to rhv4
INFO:root:Rule service_avahi-daemon_disabled doesn't apply to rhv4
INFO:root:Rule package_dhcp_removed doesn't apply to rhv4
INFO:root:Rule package_openldap-servers_removed doesn't apply to rhv4
INFO:root:Rule package_httpd_removed doesn't apply to rhv4
INFO:root:Rule package_dovecot_removed doesn't apply to rhv4
INFO:root:Rule package_samba_removed doesn't apply to rhv4
INFO:root:Rule package_squid_removed doesn't apply to rhv4
INFO:root:Rule postfix_network_listening_disabled doesn't apply to rhv4
INFO:root:Rule package_nfs-utils_removed doesn't apply to rhv4
INFO:root:Rule service_rpcbind_disabled doesn't apply to rhv4
INFO:root:Rule package_firewalld_installed doesn't apply to rhv4
INFO:root:Rule grub2_audit_backlog_limit_argument doesn't apply to rhv4
INFO:root:Rule audit_rules_privileged_commands_insmod doesn't apply to rhv4
INFO:root:Rule audit_rules_privileged_commands_rmmod doesn't apply to rhv4
INFO:root:Rule audit_rules_privileged_commands_modprobe doesn't apply to rhv4
INFO:root:Rule sshd_use_approved_ciphers doesn't apply to rhv4
INFO:root:Rule sshd_use_approved_macs doesn't apply to rhv4
INFO:root:Rule no_shelllogin_for_systemaccounts doesn't apply to rhv4
INFO:root:Rule accounts_umask_etc_bashrc doesn't apply to rhv4
INFO:root:Rule account_unique_id doesn't apply to rhv4
INFO:root:Found file /home/chase/_work/complianceascode-content/complianceascode-content/controls/cis_rhel8.yml
INFO:root:Rule dconf_db_up_to_date doesn't apply to rhv4
INFO:root:Rule kernel_module_squashfs_disabled doesn't apply to rhv4
INFO:root:Rule kernel_module_udf_disabled doesn't apply to rhv4
INFO:root:Rule mount_option_tmp_nodev doesn't apply to rhv4
INFO:root:Rule mount_option_tmp_nosuid doesn't apply to rhv4
INFO:root:Rule mount_option_tmp_noexec doesn't apply to rhv4
INFO:root:Rule partition_for_var_tmp doesn't apply to rhv4
INFO:root:Rule mount_option_var_tmp_nodev doesn't apply to rhv4
INFO:root:Rule mount_option_var_tmp_nosuid doesn't apply to rhv4
INFO:root:Rule mount_option_var_tmp_noexec doesn't apply to rhv4
INFO:root:Rule mount_option_home_nodev doesn't apply to rhv4
INFO:root:Rule mount_option_dev_shm_noexec doesn't apply to rhv4
INFO:root:Rule file_groupowner_efi_grub2_cfg doesn't apply to rhv4
INFO:root:Rule file_owner_efi_grub2_cfg doesn't apply to rhv4
INFO:root:Rule file_permissions_efi_grub2_cfg doesn't apply to rhv4
INFO:root:Rule disable_users_coredumps doesn't apply to rhv4
INFO:root:Rule package_setroubleshoot_removed doesn't apply to rhv4
INFO:root:Rule package_mcstrans_removed doesn't apply to rhv4
INFO:root:Rule dconf_gnome_banner_enabled doesn't apply to rhv4
INFO:root:Rule dconf_gnome_login_banner_text doesn't apply to rhv4
INFO:root:Rule chronyd_run_as_chrony_user doesn't apply to rhv4
INFO:root:Rule xwindows_remove_packages doesn't apply to rhv4
INFO:root:Rule service_avahi-daemon_disabled doesn't apply to rhv4
INFO:root:Rule service_snmpd_disabled doesn't apply to rhv4
INFO:root:Rule service_squid_disabled doesn't apply to rhv4
INFO:root:Rule service_smb_disabled doesn't apply to rhv4
INFO:root:Rule service_dovecot_disabled doesn't apply to rhv4
INFO:root:Rule service_httpd_disabled doesn't apply to rhv4
INFO:root:Rule service_vsftpd_disabled doesn't apply to rhv4
INFO:root:Rule service_named_disabled doesn't apply to rhv4
INFO:root:Rule service_nfs_disabled doesn't apply to rhv4
INFO:root:Rule service_rpcbind_disabled doesn't apply to rhv4
INFO:root:Rule service_dhcpd_disabled doesn't apply to rhv4
INFO:root:Rule service_cups_disabled doesn't apply to rhv4
INFO:root:Rule postfix_network_listening_disabled doesn't apply to rhv4
INFO:root:Rule package_firewalld_installed doesn't apply to rhv4
INFO:root:Rule grub2_audit_backlog_limit_argument doesn't apply to rhv4
INFO:root:Rule audit_rules_privileged_commands_insmod doesn't apply to rhv4
INFO:root:Rule audit_rules_privileged_commands_modprobe doesn't apply to rhv4
INFO:root:Rule audit_rules_privileged_commands_rmmod doesn't apply to rhv4
INFO:root:Rule no_shelllogin_for_systemaccounts doesn't apply to rhv4
INFO:root:Rule accounts_umask_etc_bashrc doesn't apply to rhv4
INFO:root:Found file /home/chase/_work/complianceascode-content/complianceascode-content/controls/cis_sle12.yml
INFO:root:Rule dconf_db_up_to_date doesn't apply to rhv4
INFO:root:Rule kernel_module_squashfs_disabled doesn't apply to rhv4
INFO:root:Rule kernel_module_udf_disabled doesn't apply to rhv4
INFO:root:Rule mount_option_tmp_noexec doesn't apply to rhv4
INFO:root:Rule mount_option_tmp_nodev doesn't apply to rhv4
INFO:root:Rule mount_option_tmp_nosuid doesn't apply to rhv4
INFO:root:Rule mount_option_dev_shm_noexec doesn't apply to rhv4
INFO:root:Rule partition_for_var_tmp doesn't apply to rhv4
INFO:root:Rule mount_option_var_tmp_noexec doesn't apply to rhv4
INFO:root:Rule mount_option_var_tmp_nodev doesn't apply to rhv4
INFO:root:Rule mount_option_var_tmp_nosuid doesn't apply to rhv4
INFO:root:Rule mount_option_home_nodev doesn't apply to rhv4
INFO:root:Rule disable_users_coredumps doesn't apply to rhv4
INFO:root:Rule bios_enable_execution_restrictions doesn't apply to rhv4
INFO:root:Rule disable_prelink doesn't apply to rhv4
INFO:root:Rule package_pam_apparmor_installed doesn't apply to rhv4
INFO:root:Rule dconf_gnome_banner_enabled doesn't apply to rhv4
INFO:root:Rule dconf_gnome_login_banner_text doesn't apply to rhv4
INFO:root:Rule chronyd_run_as_chrony_user doesn't apply to rhv4
INFO:root:Rule ntpd_configure_restrictions doesn't apply to rhv4
INFO:root:Rule ntpd_run_as_ntp_user doesn't apply to rhv4
INFO:root:Rule xwindows_remove_packages doesn't apply to rhv4
INFO:root:Rule service_avahi-daemon_disabled doesn't apply to rhv4
INFO:root:Rule package_dhcp_removed doesn't apply to rhv4
INFO:root:Rule package_openldap-servers_removed doesn't apply to rhv4
INFO:root:Rule package_httpd_removed doesn't apply to rhv4
INFO:root:Rule package_dovecot_removed doesn't apply to rhv4
INFO:root:Rule package_samba_removed doesn't apply to rhv4
INFO:root:Rule package_squid_removed doesn't apply to rhv4
INFO:root:Rule package_nfs-utils_removed doesn't apply to rhv4
INFO:root:Rule service_rpcbind_disabled doesn't apply to rhv4
INFO:root:Rule postfix_network_listening_disabled doesn't apply to rhv4
INFO:root:Rule grub2_audit_backlog_limit_argument doesn't apply to rhv4
INFO:root:Rule audit_rules_privileged_commands_insmod doesn't apply to rhv4
INFO:root:Rule audit_rules_privileged_commands_rmmod doesn't apply to rhv4
INFO:root:Rule audit_rules_privileged_commands_modprobe doesn't apply to rhv4
INFO:root:Rule sshd_use_approved_ciphers doesn't apply to rhv4
INFO:root:Rule sshd_use_approved_macs doesn't apply to rhv4
INFO:root:Rule cracklib_accounts_password_pam_dcredit doesn't apply to rhv4
INFO:root:Rule cracklib_accounts_password_pam_ucredit doesn't apply to rhv4
INFO:root:Rule cracklib_accounts_password_pam_lcredit doesn't apply to rhv4
INFO:root:Rule cracklib_accounts_password_pam_ocredit doesn't apply to rhv4
INFO:root:Rule cracklib_accounts_password_pam_minlen doesn't apply to rhv4
INFO:root:Rule cracklib_accounts_password_pam_retry doesn't apply to rhv4
INFO:root:Rule accounts_passwords_pam_tally2 doesn't apply to rhv4
INFO:root:Rule no_shelllogin_for_systemaccounts doesn't apply to rhv4
INFO:root:Rule accounts_umask_etc_bashrc doesn't apply to rhv4
INFO:root:Rule account_unique_id doesn't apply to rhv4
INFO:root:Found file /home/chase/_work/complianceascode-content/complianceascode-content/controls/pcidss_ocp4.yml
