INFO:root:Found file /home/chase/_work/complianceascode-content/complianceascode-content/controls/anssi.yml
INFO:root:Rule package_tftp_removed doesn't apply to ol7
INFO:root:Rule package_dnf-automatic_installed doesn't apply to ol7
INFO:root:Rule timer_dnf-automatic_enabled doesn't apply to ol7
INFO:root:Rule dnf-automatic_apply_updates doesn't apply to ol7
INFO:root:Rule dnf-automatic_security_updates_only doesn't apply to ol7
INFO:root:Rule sysctl_kernel_exec_shield doesn't apply to ol7
INFO:root:Rule ensure_redhat_gpgkey_installed doesn't apply to ol7
INFO:root:Rule sshd_use_directory_configuration doesn't apply to ol7
INFO:root:Rule package_rsyslog-gnutls_installed doesn't apply to ol7
INFO:root:Rule rsyslog_remote_tls doesn't apply to ol7
INFO:root:Rule rsyslog_remote_tls_cacert doesn't apply to ol7
INFO:root:Rule sebool_deny_execmem doesn't apply to ol7
INFO:root:Found file /home/chase/_work/complianceascode-content/complianceascode-content/controls/cis_rhel7.yml
INFO:root:Rule kernel_module_squashfs_disabled doesn't apply to ol7
INFO:root:Rule kernel_module_udf_disabled doesn't apply to ol7
INFO:root:Rule package_mcstrans_removed doesn't apply to ol7
INFO:root:Rule chronyd_run_as_chrony_user doesn't apply to ol7
INFO:root:Rule ntpd_configure_restrictions doesn't apply to ol7
INFO:root:Rule ntpd_run_as_ntp_user doesn't apply to ol7
INFO:root:Rule package_openldap-servers_removed doesn't apply to ol7
INFO:root:Rule package_httpd_removed doesn't apply to ol7
INFO:root:Rule package_dovecot_removed doesn't apply to ol7
INFO:root:Rule package_samba_removed doesn't apply to ol7
INFO:root:Rule audit_rules_privileged_commands_insmod doesn't apply to ol7
INFO:root:Rule audit_rules_privileged_commands_rmmod doesn't apply to ol7
INFO:root:Rule audit_rules_privileged_commands_modprobe doesn't apply to ol7
INFO:root:Rule file_groupowner_crontab doesn't apply to ol7
INFO:root:Rule file_owner_crontab doesn't apply to ol7
INFO:root:Rule file_permissions_crontab doesn't apply to ol7
INFO:root:Rule file_groupowner_cron_hourly doesn't apply to ol7
INFO:root:Rule file_owner_cron_hourly doesn't apply to ol7
INFO:root:Rule file_permissions_cron_hourly doesn't apply to ol7
INFO:root:Rule file_groupowner_cron_daily doesn't apply to ol7
INFO:root:Rule file_owner_cron_daily doesn't apply to ol7
INFO:root:Rule file_permissions_cron_daily doesn't apply to ol7
INFO:root:Rule file_groupowner_cron_weekly doesn't apply to ol7
INFO:root:Rule file_owner_cron_weekly doesn't apply to ol7
INFO:root:Rule file_permissions_cron_weekly doesn't apply to ol7
INFO:root:Rule file_groupowner_cron_monthly doesn't apply to ol7
INFO:root:Rule file_owner_cron_monthly doesn't apply to ol7
INFO:root:Rule file_permissions_cron_monthly doesn't apply to ol7
INFO:root:Rule file_groupowner_cron_d doesn't apply to ol7
INFO:root:Rule file_owner_cron_d doesn't apply to ol7
INFO:root:Rule file_permissions_cron_d doesn't apply to ol7
INFO:root:Rule file_groupowner_sshd_config doesn't apply to ol7
INFO:root:Rule file_owner_sshd_config doesn't apply to ol7
INFO:root:Rule file_permissions_sshd_config doesn't apply to ol7
INFO:root:Found file /home/chase/_work/complianceascode-content/complianceascode-content/controls/cis_rhel8.yml
INFO:root:Rule kernel_module_squashfs_disabled doesn't apply to ol7
INFO:root:Rule kernel_module_udf_disabled doesn't apply to ol7
INFO:root:Rule package_mcstrans_removed doesn't apply to ol7
INFO:root:Rule configure_crypto_policy doesn't apply to ol7
INFO:root:Rule chronyd_run_as_chrony_user doesn't apply to ol7
INFO:root:Rule service_snmpd_disabled doesn't apply to ol7
INFO:root:Rule service_smb_disabled doesn't apply to ol7
INFO:root:Rule service_dovecot_disabled doesn't apply to ol7
INFO:root:Rule service_httpd_disabled doesn't apply to ol7
INFO:root:Rule service_vsftpd_disabled doesn't apply to ol7
INFO:root:Rule service_named_disabled doesn't apply to ol7
INFO:root:Rule service_nfs_disabled doesn't apply to ol7
INFO:root:Rule service_dhcpd_disabled doesn't apply to ol7
INFO:root:Rule service_cups_disabled doesn't apply to ol7
INFO:root:Rule audit_rules_privileged_commands_insmod doesn't apply to ol7
INFO:root:Rule audit_rules_privileged_commands_modprobe doesn't apply to ol7
INFO:root:Rule audit_rules_privileged_commands_rmmod doesn't apply to ol7
INFO:root:Rule file_groupowner_crontab doesn't apply to ol7
INFO:root:Rule file_owner_crontab doesn't apply to ol7
INFO:root:Rule file_permissions_crontab doesn't apply to ol7
INFO:root:Rule file_groupowner_cron_hourly doesn't apply to ol7
INFO:root:Rule file_owner_cron_hourly doesn't apply to ol7
INFO:root:Rule file_permissions_cron_hourly doesn't apply to ol7
INFO:root:Rule file_groupowner_cron_daily doesn't apply to ol7
INFO:root:Rule file_owner_cron_daily doesn't apply to ol7
INFO:root:Rule file_permissions_cron_daily doesn't apply to ol7
INFO:root:Rule file_groupowner_cron_weekly doesn't apply to ol7
INFO:root:Rule file_owner_cron_weekly doesn't apply to ol7
INFO:root:Rule file_permissions_cron_weekly doesn't apply to ol7
INFO:root:Rule file_groupowner_cron_monthly doesn't apply to ol7
INFO:root:Rule file_owner_cron_monthly doesn't apply to ol7
INFO:root:Rule file_permissions_cron_monthly doesn't apply to ol7
INFO:root:Rule file_groupowner_cron_d doesn't apply to ol7
INFO:root:Rule file_owner_cron_d doesn't apply to ol7
INFO:root:Rule file_permissions_cron_d doesn't apply to ol7
INFO:root:Rule file_groupowner_sshd_config doesn't apply to ol7
INFO:root:Rule file_owner_sshd_config doesn't apply to ol7
INFO:root:Rule file_permissions_sshd_config doesn't apply to ol7
INFO:root:Rule configure_ssh_crypto_policy doesn't apply to ol7
INFO:root:Found file /home/chase/_work/complianceascode-content/complianceascode-content/controls/cis_sle12.yml
INFO:root:Rule kernel_module_squashfs_disabled doesn't apply to ol7
INFO:root:Rule kernel_module_udf_disabled doesn't apply to ol7
INFO:root:Rule package_pam_apparmor_installed doesn't apply to ol7
INFO:root:Rule chronyd_run_as_chrony_user doesn't apply to ol7
INFO:root:Rule ntpd_configure_restrictions doesn't apply to ol7
INFO:root:Rule ntpd_run_as_ntp_user doesn't apply to ol7
INFO:root:Rule package_openldap-servers_removed doesn't apply to ol7
INFO:root:Rule package_httpd_removed doesn't apply to ol7
INFO:root:Rule package_dovecot_removed doesn't apply to ol7
INFO:root:Rule package_samba_removed doesn't apply to ol7
INFO:root:Rule audit_rules_privileged_commands_insmod doesn't apply to ol7
INFO:root:Rule audit_rules_privileged_commands_rmmod doesn't apply to ol7
INFO:root:Rule audit_rules_privileged_commands_modprobe doesn't apply to ol7
INFO:root:Rule file_groupowner_crontab doesn't apply to ol7
INFO:root:Rule file_owner_crontab doesn't apply to ol7
INFO:root:Rule file_permissions_crontab doesn't apply to ol7
INFO:root:Rule file_groupowner_cron_hourly doesn't apply to ol7
INFO:root:Rule file_owner_cron_hourly doesn't apply to ol7
INFO:root:Rule file_permissions_cron_hourly doesn't apply to ol7
INFO:root:Rule file_groupowner_cron_daily doesn't apply to ol7
INFO:root:Rule file_owner_cron_daily doesn't apply to ol7
INFO:root:Rule file_permissions_cron_daily doesn't apply to ol7
INFO:root:Rule file_groupowner_cron_weekly doesn't apply to ol7
INFO:root:Rule file_owner_cron_weekly doesn't apply to ol7
INFO:root:Rule file_permissions_cron_weekly doesn't apply to ol7
INFO:root:Rule file_groupowner_cron_monthly doesn't apply to ol7
INFO:root:Rule file_owner_cron_monthly doesn't apply to ol7
INFO:root:Rule file_permissions_cron_monthly doesn't apply to ol7
INFO:root:Rule file_groupowner_cron_d doesn't apply to ol7
INFO:root:Rule file_owner_cron_d doesn't apply to ol7
INFO:root:Rule file_permissions_cron_d doesn't apply to ol7
INFO:root:Rule file_groupowner_sshd_config doesn't apply to ol7
INFO:root:Rule file_owner_sshd_config doesn't apply to ol7
INFO:root:Rule file_permissions_sshd_config doesn't apply to ol7
INFO:root:Rule cracklib_accounts_password_pam_dcredit doesn't apply to ol7
INFO:root:Rule cracklib_accounts_password_pam_ucredit doesn't apply to ol7
INFO:root:Rule cracklib_accounts_password_pam_lcredit doesn't apply to ol7
INFO:root:Rule cracklib_accounts_password_pam_ocredit doesn't apply to ol7
INFO:root:Rule cracklib_accounts_password_pam_minlen doesn't apply to ol7
INFO:root:Rule cracklib_accounts_password_pam_retry doesn't apply to ol7
INFO:root:Rule accounts_passwords_pam_tally2 doesn't apply to ol7
INFO:root:Found file /home/chase/_work/complianceascode-content/complianceascode-content/controls/pcidss_ocp4.yml
